.
..
.env
.gitignore
.idea
HELP.md
dockerfile
log4jTP.iml
mvnw
mvnw.cmd
pom.xml
src
target


.
..
.env
.gitignore
dockerfile
mvnw
mvnw.cmd
pom.xml
src
target


.
..
.env
.gitignore
dockerfile
mvnw
mvnw.cmd
pom.xml
src
target


.
..
.env
.gitignore
dockerfile
mvnw
mvnw.cmd
pom.xml
src
target


.
..
.env
.gitignore
dockerfile
mvnw
mvnw.cmd
pom.xml
src
target


class Test instancie!


.
..
.env
.gitignore
dockerfile
mvnw
mvnw.cmd
pom.xml
src
target
toEncrypt.txt


.
..
.env
.gitignore
dockerfile
mvnw
mvnw.cmd
pom.xml
src
target
toEncrypt.txt


class Test instancie!


